<?xml version="1.0" encoding="UTF-8"?>
<testng-results skipped="0" failed="0" ignored="0" total="1" passed="1">
  <reporter-output>
  </reporter-output>
  <suite name="Suite" duration-ms="15749" started-at="2019-10-02T18:12:24 EDT" finished-at="2019-10-02T18:12:40 EDT">
    <groups>
      <group name="smoke">
        <method signature="HomePageTest.homePageOne()[pri:0, instance:com.trademark.testcases.HomePageTest@59f99ea]" name="homePageOne" class="com.trademark.testcases.HomePageTest"/>
      </group> <!-- smoke -->
    </groups>
    <test name="Test" duration-ms="15749" started-at="2019-10-02T18:12:24 EDT" finished-at="2019-10-02T18:12:40 EDT">
      <class name="com.trademark.testcases.HomePageTest">
        <test-method status="PASS" signature="generateReport()[pri:0, instance:com.trademark.testcases.HomePageTest@59f99ea]" name="generateReport" is-config="true" duration-ms="114" started-at="2019-10-02T18:12:24 EDT" finished-at="2019-10-02T18:12:24 EDT">
          <reporter-output>
          </reporter-output>
        </test-method> <!-- generateReport -->
        <test-method status="PASS" signature="setUp()[pri:0, instance:com.trademark.testcases.HomePageTest@59f99ea]" name="setUp" is-config="true" duration-ms="8467" started-at="2019-10-02T18:12:24 EDT" finished-at="2019-10-02T18:12:33 EDT">
          <reporter-output>
          </reporter-output>
        </test-method> <!-- setUp -->
        <test-method status="PASS" signature="homePageOne()[pri:0, instance:com.trademark.testcases.HomePageTest@59f99ea]" name="homePageOne" duration-ms="5505" started-at="2019-10-02T18:12:33 EDT" finished-at="2019-10-02T18:12:38 EDT">
          <reporter-output>
          </reporter-output>
        </test-method> <!-- homePageOne -->
        <test-method status="PASS" signature="tearDown()[pri:0, instance:com.trademark.testcases.HomePageTest@59f99ea]" name="tearDown" is-config="true" duration-ms="1617" started-at="2019-10-02T18:12:38 EDT" finished-at="2019-10-02T18:12:40 EDT">
          <reporter-output>
          </reporter-output>
        </test-method> <!-- tearDown -->
        <test-method status="PASS" signature="flushReport()[pri:0, instance:com.trademark.testcases.HomePageTest@59f99ea]" name="flushReport" is-config="true" duration-ms="3" started-at="2019-10-02T18:12:40 EDT" finished-at="2019-10-02T18:12:40 EDT">
          <reporter-output>
          </reporter-output>
        </test-method> <!-- flushReport -->
      </class> <!-- com.trademark.testcases.HomePageTest -->
    </test> <!-- Test -->
  </suite> <!-- Suite -->
</testng-results>
