<?xml version="1.0" encoding="UTF-8"?>
<testng-results skipped="0" failed="0" ignored="0" total="1" passed="1">
  <reporter-output>
  </reporter-output>
  <suite name="Default suite" duration-ms="15881" started-at="2019-10-02T18:14:17 EDT" finished-at="2019-10-02T18:14:33 EDT">
    <groups>
      <group name="smoke">
        <method signature="HomePageTest.homePageOne()[pri:0, instance:com.trademark.testcases.HomePageTest@5a1c0542]" name="homePageOne" class="com.trademark.testcases.HomePageTest"/>
      </group> <!-- smoke -->
    </groups>
    <test name="Default test" duration-ms="15881" started-at="2019-10-02T18:14:17 EDT" finished-at="2019-10-02T18:14:33 EDT">
      <class name="com.trademark.testcases.HomePageTest">
        <test-method status="PASS" signature="generateReport()[pri:0, instance:com.trademark.testcases.HomePageTest@5a1c0542]" name="generateReport" is-config="true" duration-ms="165" started-at="2019-10-02T18:14:17 EDT" finished-at="2019-10-02T18:14:17 EDT">
          <reporter-output>
          </reporter-output>
        </test-method> <!-- generateReport -->
        <test-method status="PASS" signature="setUp()[pri:0, instance:com.trademark.testcases.HomePageTest@5a1c0542]" name="setUp" is-config="true" duration-ms="8027" started-at="2019-10-02T18:14:17 EDT" finished-at="2019-10-02T18:14:25 EDT">
          <reporter-output>
          </reporter-output>
        </test-method> <!-- setUp -->
        <test-method status="PASS" signature="homePageOne()[pri:0, instance:com.trademark.testcases.HomePageTest@5a1c0542]" name="homePageOne" duration-ms="6050" started-at="2019-10-02T18:14:25 EDT" finished-at="2019-10-02T18:14:31 EDT">
          <reporter-output>
          </reporter-output>
        </test-method> <!-- homePageOne -->
        <test-method status="PASS" signature="tearDown()[pri:0, instance:com.trademark.testcases.HomePageTest@5a1c0542]" name="tearDown" is-config="true" duration-ms="1599" started-at="2019-10-02T18:14:31 EDT" finished-at="2019-10-02T18:14:33 EDT">
          <reporter-output>
          </reporter-output>
        </test-method> <!-- tearDown -->
        <test-method status="PASS" signature="flushReport()[pri:0, instance:com.trademark.testcases.HomePageTest@5a1c0542]" name="flushReport" is-config="true" duration-ms="5" started-at="2019-10-02T18:14:33 EDT" finished-at="2019-10-02T18:14:33 EDT">
          <reporter-output>
          </reporter-output>
        </test-method> <!-- flushReport -->
      </class> <!-- com.trademark.testcases.HomePageTest -->
    </test> <!-- Default test -->
  </suite> <!-- Default suite -->
</testng-results>
